Analysis initiated from SIMULIA established products
Abaqus JOB Job-1
Abaqus 3DEXPERIENCE R2017x
Abaqus License Manager checked out the following licenses:
Abaqus/Standard checked out 5 tokens from Flexnet server DESKTOP-403292K.
<1019 out of 1024 licenses remain available>.
Begin Analysis Input File Processor
2019/3/7 12:15:27
Run pre.exe
2019/3/7 12:15:30
End Analysis Input File Processor
Begin Abaqus/Standard Analysis
2019/3/7 12:15:30
Run standard.exe
2019/3/7 12:15:33
End Abaqus/Standard Analysis
Begin MFS->SFS and SIM cleanup
2019/3/7 12:15:35
Run SMASimUtility.exe
2019/3/7 12:15:35
End MFS->SFS and SIM cleanup
Abaqus JOB Job-1 COMPLETED
